TN:
SF:/development/projects/c/kata-word-search/lib/word_search/src/direction.c
FN:7,word_search__direction__opposite
FNDA:8383610,word_search__direction__opposite
FNF:1
FNH:1
DA:7,8383610
DA:8,8383610
DA:9,1164390
DA:10,1164390
DA:11,1131120
DA:12,1131120
DA:13,1097850
DA:14,1097850
DA:15,1064580
DA:16,1064580
DA:17,1031320
DA:18,1031320
DA:19,998049
DA:20,998049
DA:21,964781
DA:22,964781
DA:23,931513
DA:24,931513
DA:25,0
DA:26,0
DA:27,0
LF:21
LH:18
end_of_record
TN:
SF:/development/projects/c/kata-word-search/lib/word_search/src/grid.c
FN:10,word_search__grid__character_to_index
FN:14,word_search__grid__initialize
FN:40,word_search__grid__clear
FN:56,word_search__grid__contains
FN:69,word_search__grid__entry
FN:80,word_search__grid__lookup_sequence_entry
FN:106,word_search__grid__sequence_matches_word
FN:131,word_search__grid__get_candidate_coordinates
FNDA:22404800,word_search__grid__lookup_sequence_entry
FNDA:43396200,word_search__grid__contains
FNDA:299415,word_search__grid__get_candidate_coordinates
FNDA:17,word_search__grid__initialize
FNDA:18273600,word_search__grid__sequence_matches_word
FNDA:20991400,word_search__grid__entry
FNDA:17,word_search__grid__clear
FNDA:1401100,word_search__grid__character_to_index
FNF:8
FNH:8
DA:10,1401100
DA:11,1401100
DA:14,17
DA:15,17
DA:16,17
DA:17,17
DA:20,17
DA:21,272
DA:22,4080
DA:23,3825
DA:25,3825
DA:26,442
DA:27,442
DA:30,3825
DA:31,3825
DA:35,3825
DA:38,17
DA:40,17
DA:41,17
DA:42,17
DA:44,17
DA:45,17
DA:48,459
DA:49,442
DA:50,442
DA:51,442
DA:54,17
DA:56,43396200
DA:57,43396200
DA:58,43396200
DA:59,42588700
DA:60,42472100
DA:61,42161400
DA:63,41982700
DA:66,1413430
DA:69,20991400
DA:73,20991400
DA:74,20991400
DA:77,1
DA:80,22404800
DA:86,22404800
DA:87,1
DA:90,22404800
DA:92,22404800
DA:94,22404800
DA:98,22404800
DA:99,1413430
DA:102,20991400
DA:103,20991400
DA:106,18273600
DA:111,18273600
DA:112,0
DA:115,22714300
DA:117,22404800
DA:118,17964100
DA:121,20991300
DA:123,20991300
DA:124,16550600
DA:128,309541
DA:131,299415
DA:137,299415
DA:138,299415
DA:140,1397270
DA:141,1097860
DA:142,1097860
DA:143,399219
DA:144,399219
DA:147,299415
LF:68
LH:67
end_of_record
TN:
SF:/development/projects/c/kata-word-search/lib/word_search/src/grid_coordinates.c
FN:4,auto_array__word_search__grid_coordinates__append_element
FN:4,auto_array__word_search__grid_coordinates__insert_elements
FN:4,auto_array__word_search__grid_coordinates__remove_range
FN:4,auto_array__word_search__grid_coordinates__remove_index
FN:4,auto_array__word_search__grid_coordinates__prepend_element
FN:4,auto_array__word_search__grid_coordinates__append_elements
FN:4,array__word_search__grid_coordinates__clear
FN:4,auto_array__word_search__grid_coordinates__remove_index__fast
FN:4,auto_array__word_search__grid_coordinates__maybe_expand
FN:4,array__word_search__grid_coordinates__index_of
FN:4,array__word_search__grid_coordinates__equals
FN:4,array__word_search__grid_coordinates__clear_elements
FN:4,auto_array__word_search__grid_coordinates__clear
FN:4,array__word_search__grid_coordinates__initialize
FN:4,auto_array__word_search__grid_coordinates__insert_element
FN:4,array__word_search__grid_coordinates__initialize__full
FN:4,array__word_search__grid_coordinates__clone
FN:4,auto_array__word_search__grid_coordinates__prepend_elements
FN:4,auto_array__word_search__grid_coordinates__initialize
FN:6,word_search__grid_coordinates__translate
FN:53,word_search__grid_coordinates__equals
FNDA:0,array__word_search__grid_coordinates__clone
FNDA:0,auto_array__word_search__grid_coordinates__prepend_elements
FNDA:0,auto_array__word_search__grid_coordinates__initialize
FNDA:0,auto_array__word_search__grid_coordinates__clear
FNDA:442,array__word_search__grid_coordinates__initialize
FNDA:0,auto_array__word_search__grid_coordinates__insert_element
FNDA:0,array__word_search__grid_coordinates__initialize__full
FNDA:30788400,word_search__grid_coordinates__translate
FNDA:0,auto_array__word_search__grid_coordinates__remove_index__fast
FNDA:0,array__word_search__grid_coordinates__index_of
FNDA:3825,auto_array__word_search__grid_coordinates__maybe_expand
FNDA:39,word_search__grid_coordinates__equals
FNDA:1581,array__word_search__grid_coordinates__clear_elements
FNDA:0,array__word_search__grid_coordinates__equals
FNDA:0,auto_array__word_search__grid_coordinates__prepend_element
FNDA:442,array__word_search__grid_coordinates__clear
FNDA:3825,auto_array__word_search__grid_coordinates__append_elements
FNDA:0,auto_array__word_search__grid_coordinates__remove_index
FNDA:3825,auto_array__word_search__grid_coordinates__append_element
FNDA:0,auto_array__word_search__grid_coordinates__remove_range
FNDA:0,auto_array__word_search__grid_coordinates__insert_elements
FNF:21
FNH:8
DA:4,13940
DA:6,30788400
DA:7,30788400
DA:8,5052620
DA:9,5052620
DA:10,5052620
DA:11,5052620
DA:13,4415080
DA:14,4415080
DA:15,4415080
DA:16,4415080
DA:18,4261980
DA:19,4261980
DA:20,4261980
DA:21,4261980
DA:23,3670780
DA:24,3670780
DA:25,3670780
DA:26,3670780
DA:28,3926370
DA:29,3926370
DA:30,3926370
DA:31,3926370
DA:33,3319890
DA:34,3319890
DA:35,3319890
DA:36,3319890
DA:38,3227060
DA:39,3227060
DA:40,3227060
DA:41,3227060
DA:43,2914620
DA:44,2914620
DA:45,2914620
DA:46,2914620
DA:48,0
DA:49,0
DA:53,39
DA:57,39
DA:58,39
DA:59,39
DA:61,37
DA:64,2
LF:43
LH:41
end_of_record
TN:
SF:/development/projects/c/kata-word-search/lib/word_search/src/grid_sequence.c
FN:5,word_search__grid_sequence__equals
FN:19,word_search__grid_sequence__coordinates_of
FNDA:25,word_search__grid_sequence__equals
FNDA:6,word_search__grid_sequence__coordinates_of
FNF:2
FNH:2
DA:5,25
DA:9,25
DA:10,49
DA:11,24
DA:13,24
DA:16,1
DA:19,6
DA:20,6
DA:21,1
DA:24,5
DA:25,2
DA:26,2
DA:27,2
DA:28,2
DA:29,1
DA:30,1
DA:31,1
DA:32,1
DA:33,1
DA:34,1
DA:35,1
DA:36,1
DA:37,1
DA:38,1
DA:39,1
DA:40,1
DA:41,0
DA:42,0
DA:43,0
DA:44,0
DA:45,0
DA:46,0
DA:47,0
DA:48,0
DA:49,0
DA:50,0
DA:51,0
DA:52,0
DA:53,0
DA:54,0
DA:55,0
DA:56,0
DA:57,0
DA:58,0
DA:61,5
LF:45
LH:27
end_of_record
TN:
SF:/development/projects/c/kata-word-search/lib/word_search/src/grid_vector.c
FN:4,word_search__grid_vector__equals
FNDA:26,word_search__grid_vector__equals
FNF:1
FNH:1
DA:4,26
DA:8,26
DA:9,26
DA:10,26
DA:12,25
DA:15,1
LF:6
LH:6
end_of_record
TN:
SF:/development/projects/c/kata-word-search/lib/word_search/src/solution.c
FN:7,array__word_search__solution__initialize__full
FN:7,auto_array__word_search__solution__initialize
FN:7,auto_array__word_search__solution__prepend_element
FN:7,array__word_search__solution__clone
FN:7,auto_array__word_search__solution__prepend_elements
FN:7,auto_array__word_search__solution__insert_element
FN:7,array__word_search__solution__equals
FN:7,auto_array__word_search__solution__clear
FN:7,auto_array__word_search__solution__remove_index
FN:7,array__word_search__solution__index_of
FN:7,auto_array__word_search__solution__append_element
FN:7,auto_array__word_search__solution__insert_elements
FN:7,array__word_search__solution__clear_elements
FN:7,auto_array__word_search__solution__remove_range
FN:7,array__word_search__solution__clear
FN:7,auto_array__word_search__solution__remove_index__fast
FN:7,auto_array__word_search__solution__append_elements
FN:7,array__word_search__solution__initialize
FN:7,auto_array__word_search__solution__maybe_expand
FN:9,word_search__solution__equals
FNDA:0,auto_array__word_search__solution__maybe_expand
FNDA:12,array__word_search__solution__initialize
FNDA:12,array__word_search__solution__clear
FNDA:0,auto_array__word_search__solution__remove_range
FNDA:0,array__word_search__solution__clear_elements
FNDA:0,auto_array__word_search__solution__insert_elements
FNDA:0,auto_array__word_search__solution__append_elements
FNDA:0,auto_array__word_search__solution__remove_index__fast
FNDA:0,auto_array__word_search__solution__append_element
FNDA:32,word_search__solution__equals
FNDA:0,array__word_search__solution__index_of
FNDA:0,array__word_search__solution__equals
FNDA:0,auto_array__word_search__solution__clear
FNDA:0,auto_array__word_search__solution__remove_index
FNDA:0,auto_array__word_search__solution__insert_element
FNDA:0,array__word_search__solution__clone
FNDA:0,auto_array__word_search__solution__prepend_element
FNDA:0,auto_array__word_search__solution__prepend_elements
FNDA:0,array__word_search__solution__initialize__full
FNDA:0,auto_array__word_search__solution__initialize
FNF:20
FNH:3
DA:7,24
DA:9,32
DA:11,32
DA:12,32
DA:13,31
DA:15,1
DA:19,31
DA:20,22
DA:24,9
LF:9
LH:9
end_of_record
TN:
SF:/development/projects/c/kata-word-search/lib/word_search/src/word_search.c
FN:6,word_search__find_word_in_direction__brute_force
FN:41,word_search__find_word__brute_force
FN:62,word_search__search_in_direction__brute_force
FN:102,word_search__search__brute_force
FN:125,word_search__find_word
FN:170,word_search__search
FNDA:10107,word_search__find_word__brute_force
FNDA:11,word_search__search_in_direction__brute_force
FNDA:49432,word_search__find_word_in_direction__brute_force
FNDA:1123,word_search__search__brute_force
FNDA:299415,word_search__find_word
FNDA:33268,word_search__search
FNF:6
FNH:6
DA:6,49432
DA:12,49432
DA:13,0
DA:16,705468
DA:18,10546000
DA:20,9890000
DA:26,9890000
DA:31,9890000
DA:32,10118
DA:33,10118
DA:38,39314
DA:41,10107
DA:46,49412
DA:47,49412
DA:48,10107
DA:56,0
DA:62,11
DA:68,11
DA:69,2
DA:72,9
DA:74,27
DA:76,18
DA:81,18
DA:82,10
DA:83,10
DA:89,8
DA:90,8
DA:95,18
DA:96,18
DA:99,9
DA:102,1123
DA:107,1123
DA:108,0
DA:111,1123
DA:113,11230
DA:114,10107
DA:116,10107
DA:119,10107
DA:122,1123
DA:125,299415
DA:132,299415
DA:134,1164390
DA:135,9248590
DA:136,1164390
DA:138,8084200
DA:140,8383610
DA:141,8383610
DA:142,8383610
DA:143,8383610
DA:145,8383610
DA:149,8383610
DA:154,8383610
DA:155,299414
DA:164,1
DA:170,33268
DA:175,33268
DA:176,0
DA:179,33268
DA:181,332680
DA:182,299412
DA:184,299412
DA:187,299412
DA:190,33268
LF:63
LH:59
end_of_record
